210322-09:13:29 [INFO] -- 
210322-09:13:29 [INFO] -- 
210322-09:13:29 [INFO] -- ============================================================
210322-09:13:29 [INFO] -- ATMSSStarter: Application Starting...
210322-09:13:30 [INFO] -- timer: starting...
210322-09:13:30 [INFO] -- CashCollectorHandler: starting...
210322-09:13:30 [INFO] -- TouchDisplayHandler: starting...
210322-09:13:30 [INFO] -- KeypadHandler: starting...
210322-09:13:30 [INFO] -- CardReaderHandler: starting...
210322-09:13:30 [INFO] -- AdvicePrinterHandler: starting...
210322-09:13:30 [INFO] -- ATMSS: starting...
210322-09:13:37 [INFO] -- MouseCLicked: 429 139
210322-09:13:37 [INFO] -- MouseCLicked: 429 139
210322-09:13:38 [INFO] -- MouseCLicked: 273 215
210322-09:13:44 [INFO] -- KeyPressed: 1
210322-09:13:44 [INFO] -- TouchDisplayHandler: update display -- BlankScreen
210322-09:13:44 [INFO] -- TouchDisplayHandler: loading fxml: TouchDisplayEmulator.fxml
210322-09:13:45 [INFO] -- KeyPressed: 2
210322-09:13:45 [INFO] -- TouchDisplayHandler: update display -- MainMenu
210322-09:13:45 [INFO] -- TouchDisplayHandler: loading fxml: TouchDisplayMainMenu.fxml
210322-09:13:46 [INFO] -- KeyPressed: 3
210322-09:13:46 [INFO] -- TouchDisplayHandler: update display -- Confirmation
210322-09:13:46 [INFO] -- TouchDisplayHandler: loading fxml: TouchDisplayConfirmation.fxml
210322-09:13:49 [INFO] -- 
210322-09:13:49 [INFO] -- 
210322-09:13:49 [INFO] -- ============================================================
210322-09:13:49 [INFO] -- ATMSSStarter: Application Stopping...
210322-09:13:49 [INFO] -- ATMSS: terminating...
210322-09:13:49 [INFO] -- timer: received terminate!
210322-09:13:49 [INFO] -- CashCollectorHandler: terminating...
210322-09:13:49 [INFO] -- AdvicePrinterHandler: terminating...
210322-09:13:49 [INFO] -- KeypadHandler: terminating...
210322-09:13:49 [INFO] -- CardReaderHandler: terminating...
210322-09:13:49 [INFO] -- TouchDisplayHandler: terminating...
210322-09:13:49 [INFO] -- timer: terminating...
